<!DOCTYPE html PUBLIC "-//W3C//DTD XHTML 1.1//EN" "http://www.w3.org/TR/xhtml11/DTD/xhtml11.dtd">
<html xmlns="http://www.w3.org/1999/xhtml"><head><title>TestNG Report</title><style type="text/css">table {margin-bottom:10px;border-collapse:collapse;empty-cells:show}th,td {border:1px solid #009;padding:.25em .5em}th {vertical-align:bottom}td {vertical-align:top}table a {font-weight:bold}.stripe td {background-color: #E6EBF9}.num {text-align:right}.passedodd td {background-color: #3F3}.passedeven td {background-color: #0A0}.skippedodd td {background-color: #DDD}.skippedeven td {background-color: #CCC}.failedodd td,.attn {background-color: #F33}.failedeven td,.stripe .attn {background-color: #D00}.stacktrace {white-space:pre;font-family:monospace}.totop {font-size:85%;text-align:center;border-bottom:2px solid #000}</style></head><body><table><tr><th>Test</th><th># Passed</th><th># Skipped</th><th># Failed</th><th>Time (ms)</th><th>Included Groups</th><th>Excluded Groups</th></tr><tr><th colspan="7">purplle</th></tr><tr><td><a href="#t0">Test2</a></td><td class="num">2</td><td class="num attn">1</td><td class="num">0</td><td class="num">35,088</td><td></td><td></td></tr><tr class="stripe"><td><a href="#t1">Test1</a></td><td class="num">4</td><td class="num attn">1</td><td class="num">0</td><td class="num">40,606</td><td></td><td></td></tr><tr><th>Total</th><th class="num">6</th><th class="num attn">2</th><th class="num">0</th><th class="num">75,694</th><th colspan="2"></th></tr></table><table><thead><tr><th>Class</th><th>Method</th><th>Start</th><th>Time (ms)</th></tr></thead><tbody><tr><th colspan="4">purplle</th></tr></tbody><tbody id="t0"><tr><th colspan="4">Test2 &#8212; skipped</th></tr><tr class="skippedeven"><td rowspan="1">com.purplle.Alfakhr</td><td><a href="#m0">click_on_Alfakhr</a></td><td rowspan="1">1726989271402</td><td rowspan="1">0</td></tr><tr><th colspan="4">Test2 &#8212; passed</th></tr><tr class="passedeven"><td rowspan="2">com.purplle.Alfakhr</td><td><a href="#m1">click_on_Brands</a></td><td rowspan="1">1726989270842</td><td rowspan="1">546</td></tr><tr class="passedeven"><td><a href="#m2">validate_on_Alfakhr</a></td><td rowspan="1">1726989271407</td><td rowspan="1">20054</td></tr></tbody><tbody id="t1"><tr><th colspan="4">Test1 &#8212; skipped</th></tr><tr class="skippedeven"><td rowspan="1">com.purplle.data</td><td><a href="#m3">click_on_AcneSquad</a></td><td rowspan="1">1726989271566</td><td rowspan="1">0</td></tr><tr><th colspan="4">Test1 &#8212; passed</th></tr><tr class="passedeven"><td rowspan="4">com.purplle.data</td><td><a href="#m4">Enter_the_website</a></td><td rowspan="1">1726989256437</td><td rowspan="1">14760</td></tr><tr class="passedeven"><td><a href="#m5">click_on_Brands</a></td><td rowspan="1">1726989271203</td><td rowspan="1">359</td></tr><tr class="passedeven"><td><a href="#m6">setUp</a></td><td rowspan="1">1726989291671</td><td rowspan="1">5183</td></tr><tr class="passedeven"><td><a href="#m7">validate_on_AcneSquad</a></td><td rowspan="1">1726989271570</td><td rowspan="1">20085</td></tr></tbody></table><h2>Test2</h2><h3 id="m0">com.purplle.Alfakhr#click_on_Alfakhr</h3><table class="result"><tr><th>Exception</th></tr><tr><td><div class="stacktrace">org.testng.TestNGException: 
Data Provider public java.lang.Object[] com.purplle.Alfakhr.dataName() must return either Object[][] or Iterator&lt;Object&gt;[], not class [Ljava.lang.Object;
	at java.base/java.util.concurrent.FutureTask.run(FutureTask.java:317)
	at java.base/java.util.concurrent.ThreadPoolExecutor.runWorker(ThreadPoolExecutor.java:1144)
	at java.base/java.util.concurrent.ThreadPoolExecutor$Worker.run(ThreadPoolExecutor.java:642)
	at java.base/java.lang.Thread.run(Thread.java:1583)
... Removed 13 stack frames</div></td></tr></table><p class="totop"><a href="#summary">back to summary</a></p><h3 id="m1">com.purplle.Alfakhr#click_on_Brands</h3><table class="result"></table><p class="totop"><a href="#summary">back to summary</a></p><h3 id="m2">com.purplle.Alfakhr#validate_on_Alfakhr</h3><table class="result"></table><p class="totop"><a href="#summary">back to summary</a></p><h2>Test1</h2><h3 id="m3">com.purplle.data#click_on_AcneSquad</h3><table class="result"><tr><th>Exception</th></tr><tr><td><div class="stacktrace">org.testng.TestNGException: 
Method click_on_AcneSquad requires 1 parameters but 0 were supplied in the @Test annotation.
	at java.base/java.util.concurrent.FutureTask.run(FutureTask.java:317)
	at java.base/java.util.concurrent.ThreadPoolExecutor.runWorker(ThreadPoolExecutor.java:1144)
	at java.base/java.util.concurrent.ThreadPoolExecutor$Worker.run(ThreadPoolExecutor.java:642)
	at java.base/java.lang.Thread.run(Thread.java:1583)
... Removed 15 stack frames</div></td></tr></table><p class="totop"><a href="#summary">back to summary</a></p><h3 id="m4">com.purplle.data#Enter_the_website</h3><table class="result"></table><p class="totop"><a href="#summary">back to summary</a></p><h3 id="m5">com.purplle.data#click_on_Brands</h3><table class="result"></table><p class="totop"><a href="#summary">back to summary</a></p><h3 id="m6">com.purplle.data#setUp</h3><table class="result"><tr class="param"><th>Parameter #1</th></tr><tr class="param stripe"><td>chrome</td></tr></table><p class="totop"><a href="#summary">back to summary</a></p><h3 id="m7">com.purplle.data#validate_on_AcneSquad</h3><table class="result"></table><p class="totop"><a href="#summary">back to summary</a></p></body></html>