<?xml version="1.0" encoding="UTF-8"?>
<!-- Generated by org.testng.reporters.JUnitXMLReporter -->
<testsuite ignored="1" hostname="Elavarasan" failures="4" tests="8" name="Test" time="35.641" errors="0" timestamp="2024-09-20T18:31:34 IST">
  <testcase classname="com.purplle.Alfakhr" name="click_on_Brands" time="0.272"/>
  <testcase classname="com.purplle.data" name="Enter_the_website" time="14.401"/>
  <testcase classname="com.purplle.data" name="click_on_Brands" time="0.466"/>
  <testcase classname="com.purplle.Alfakhr" name="click_on_Alfakhr" time="4.093">
    <failure type="java.lang.AssertionError" message="The following asserts failed:
	expected [namegiven value is not equal] but found [AL-FAKHR]">
      <![CDATA[java.lang.AssertionError: The following asserts failed:
expected [namegiven value is not equal] but found [AL-FAKHR]
at com.purplle.Alfakhr.click_on_Alfakhr(Alfakhr.java:62)
at java.base/java.util.concurrent.Executors$RunnableAdapter.call(Executors.java:572)
at java.base/java.util.concurrent.FutureTask.run(FutureTask.java:317)
at java.base/java.util.concurrent.ThreadPoolExecutor.runWorker(ThreadPoolExecutor.java:1144)
at java.base/java.util.concurrent.ThreadPoolExecutor$Worker.run(ThreadPoolExecutor.java:642)
at java.base/java.lang.Thread.run(Thread.java:1583)
... Removed 13 stack frames]]>
    </failure>
  </testcase> <!-- click_on_Alfakhr -->
  <testcase classname="com.purplle.Alfakhr" name="click_on_Alfakhr" time="0.262">
    <failure type="java.lang.AssertionError" message="The following asserts failed:
	expected [namegiven value is not equal] but found [AL-FAKHR]">
      <![CDATA[java.lang.AssertionError: The following asserts failed:
expected [namegiven value is not equal] but found [AL-FAKHR]
at com.purplle.Alfakhr.click_on_Alfakhr(Alfakhr.java:62)
at java.base/java.util.concurrent.Executors$RunnableAdapter.call(Executors.java:572)
at java.base/java.util.concurrent.FutureTask.run(FutureTask.java:317)
at java.base/java.util.concurrent.ThreadPoolExecutor.runWorker(ThreadPoolExecutor.java:1144)
at java.base/java.util.concurrent.ThreadPoolExecutor$Worker.run(ThreadPoolExecutor.java:642)
at java.base/java.lang.Thread.run(Thread.java:1583)
... Removed 13 stack frames]]>
    </failure>
  </testcase> <!-- click_on_Alfakhr -->
  <testcase classname="com.purplle.data" name="validate_on_AcneSquad" time="20.073"/>
  <testcase classname="com.purplle.data" name="click_on_AcneSquad" time="0.15">
    <failure type="java.lang.AssertionError" message="The following asserts failed:
	expected [namegiven value is not equal] but found [Acne Squad]">
      <![CDATA[java.lang.AssertionError: The following asserts failed:
expected [namegiven value is not equal] but found [Acne Squad]
at com.purplle.data.click_on_AcneSquad(data.java:96)
at java.base/java.util.concurrent.Executors$RunnableAdapter.call(Executors.java:572)
at java.base/java.util.concurrent.FutureTask.run(FutureTask.java:317)
at java.base/java.util.concurrent.ThreadPoolExecutor.runWorker(ThreadPoolExecutor.java:1144)
at java.base/java.util.concurrent.ThreadPoolExecutor$Worker.run(ThreadPoolExecutor.java:642)
at java.base/java.lang.Thread.run(Thread.java:1583)
... Removed 13 stack frames]]>
    </failure>
  </testcase> <!-- click_on_AcneSquad -->
  <testcase classname="com.purplle.data" name="click_on_AcneSquad" time="0.319">
    <failure type="org.openqa.selenium.StaleElementReferenceException" message="stale element reference: stale element not found in the current frame
  (Session info: MicrosoftEdge=129.0.2792.52)
For documentation on this error, please visit: https://www.selenium.dev/documentation/webdriver/troubleshooting/errors#stale-element-reference-exception
Build info: version: &amp;apos;4.24.0&amp;apos;, revision: &amp;apos;748ffc9bc3&amp;apos;
System info: os.name: &amp;apos;Windows 10&amp;apos;, os.arch: &amp;apos;amd64&amp;apos;, os.version: &amp;apos;10.0&amp;apos;, java.version: &amp;apos;21.0.4&amp;apos;
Driver info: org.openqa.selenium.edge.EdgeDriver
Command: [0a1de75d0f9dbc82b6f83aa5a1499e7a, getElementText {id=f.1869DA39430CE20BDEF9F33BCCF1AF21.d.85630C9D43FA7084B69C47C2DFB0DDD8.e.53}]
Capabilities {acceptInsecureCerts: false, browserName: MicrosoftEdge, browserVersion: 129.0.2792.52, fedcm:accounts: true, ms:edgeOptions: {debuggerAddress: localhost:60541}, msedge: {msedgedriverVersion: 129.0.2792.52 (6462e8fc16ec..., userDataDir: C:\Users\hp\AppData\Local\T...}, networkConnectionEnabled: false, pageLoadStrategy: normal, platformName: windows, proxy: Proxy(), se:cdp: ws://localhost:60541/devtoo..., se:cdpVersion: 129.0.2792.52, setWindowRect: true, strictFileInteractability: false, timeouts: {implicit: 0, pageLoad: 300000, script: 30000}, unhandledPromptBehavior: dismiss and notify, webauthn:extension:credBlob: true, webauthn:extension:largeBlob: true, webauthn:extension:minPinLength: true, webauthn:extension:prf: true, webauthn:virtualAuthenticators: true}
Element: [[EdgeDriver: MicrosoftEdge on windows (0a1de75d0f9dbc82b6f83aa5a1499e7a)] -&amp;gt; xpath: //span[text()=&amp;apos;Acne Squad&amp;apos;]]
Session ID: 0a1de75d0f9dbc82b6f83aa5a1499e7a">
      <![CDATA[org.openqa.selenium.StaleElementReferenceException: stale element reference: stale element not found in the current frame
  (Session info: MicrosoftEdge=129.0.2792.52)
For documentation on this error, please visit: https://www.selenium.dev/documentation/webdriver/troubleshooting/errors#stale-element-reference-exception
Build info: version: '4.24.0', revision: '748ffc9bc3'
System info: os.name: 'Windows 10', os.arch: 'amd64', os.version: '10.0', java.version: '21.0.4'
Driver info: org.openqa.selenium.edge.EdgeDriver
Command: [0a1de75d0f9dbc82b6f83aa5a1499e7a, getElementText {id=f.1869DA39430CE20BDEF9F33BCCF1AF21.d.85630C9D43FA7084B69C47C2DFB0DDD8.e.53}]
Capabilities {acceptInsecureCerts: false, browserName: MicrosoftEdge, browserVersion: 129.0.2792.52, fedcm:accounts: true, ms:edgeOptions: {debuggerAddress: localhost:60541}, msedge: {msedgedriverVersion: 129.0.2792.52 (6462e8fc16ec..., userDataDir: C:\Users\hp\AppData\Local\T...}, networkConnectionEnabled: false, pageLoadStrategy: normal, platformName: windows, proxy: Proxy(), se:cdp: ws://localhost:60541/devtoo..., se:cdpVersion: 129.0.2792.52, setWindowRect: true, strictFileInteractability: false, timeouts: {implicit: 0, pageLoad: 300000, script: 30000}, unhandledPromptBehavior: dismiss and notify, webauthn:extension:credBlob: true, webauthn:extension:largeBlob: true, webauthn:extension:minPinLength: true, webauthn:extension:prf: true, webauthn:virtualAuthenticators: true}
Element: [[EdgeDriver: MicrosoftEdge on windows (0a1de75d0f9dbc82b6f83aa5a1499e7a)] -> xpath: //span[text()='Acne Squad']]
Session ID: 0a1de75d0f9dbc82b6f83aa5a1499e7a
at org.openqa.selenium.remote.ErrorCodec.decode(ErrorCodec.java:167)
at org.openqa.selenium.remote.codec.w3c.W3CHttpResponseCodec.decode(W3CHttpResponseCodec.java:138)
at org.openqa.selenium.remote.codec.w3c.W3CHttpResponseCodec.decode(W3CHttpResponseCodec.java:50)
at org.openqa.selenium.remote.HttpCommandExecutor.execute(HttpCommandExecutor.java:190)
at org.openqa.selenium.remote.service.DriverCommandExecutor.invokeExecute(DriverCommandExecutor.java:216)
at org.openqa.selenium.remote.service.DriverCommandExecutor.execute(DriverCommandExecutor.java:174)
at org.openqa.selenium.remote.RemoteWebDriver.execute(RemoteWebDriver.java:545)
at org.openqa.selenium.remote.RemoteWebElement.execute(RemoteWebElement.java:223)
at org.openqa.selenium.remote.RemoteWebElement.getText(RemoteWebElement.java:191)
at com.purplle.data.click_on_AcneSquad(data.java:92)
at java.base/java.util.concurrent.Executors$RunnableAdapter.call(Executors.java:572)
at java.base/java.util.concurrent.FutureTask.run(FutureTask.java:317)
at java.base/java.util.concurrent.ThreadPoolExecutor.runWorker(ThreadPoolExecutor.java:1144)
at java.base/java.util.concurrent.ThreadPoolExecutor$Worker.run(ThreadPoolExecutor.java:642)
at java.base/java.lang.Thread.run(Thread.java:1583)
... Removed 14 stack frames]]>
    </failure>
  </testcase> <!-- click_on_AcneSquad -->
  <testcase classname="com.purplle.Alfakhr" name="validate_on_Alfakhr" time="0.0">
    <ignored/>
  </testcase> <!-- validate_on_Alfakhr -->
</testsuite> <!-- Test -->
